<testsuites id="" name="" tests="32" failures="0" skipped="32" errors="0" time="0.11694599999999997">
<testsuite name="api.spec.ts" timestamp="2026-07-16T08:22:47.868Z" hostname="admin-backend" tests="8" failures="0" skipped="8" time="0" errors="0">
<testcase name="API 独立测试 › TC-API-001: 员工登录 API" classname="api.spec.ts">
<skipped>
</skipped>
</testcase>
<testcase name="API 独立测试 › TC-API-002: 员工分页查询" classname="api.spec.ts">
<skipped>
</skipped>
</testcase>
<testcase name="API 独立测试 › TC-API-003: 新增员工 API" classname="api.spec.ts">
<skipped>
</skipped>
</testcase>
<testcase name="API 独立测试 › TC-API-004: 分类列表查询" classname="api.spec.ts">
<skipped>
</skipped>
</testcase>
<testcase name="API 独立测试 › TC-API-005: 菜品分页查询" classname="api.spec.ts">
<skipped>
</skipped>
</testcase>
<testcase name="API 独立测试 › TC-API-006: 订单分页查询" classname="api.spec.ts">
<skipped>
</skipped>
</testcase>
<testcase name="API 独立测试 › TC-API-007: 未认证访问验证" classname="api.spec.ts">
<skipped>
</skipped>
</testcase>
<testcase name="API 独立测试 › TC-API-008: API 响应时间性能验证" classname="api.spec.ts">
<skipped>
</skipped>
</testcase>
</testsuite>
<testsuite name="dish.spec.ts" timestamp="2026-07-16T08:22:47.868Z" hostname="admin-backend" tests="4" failures="0" skipped="4" time="0" errors="0">
<testcase name="菜品管理 › TC-DISH-001: 页面加载验证 API 响应" classname="dish.spec.ts">
<skipped>
</skipped>
</testcase>
<testcase name="菜品管理 › TC-DISH-002: 页面 UI 结构验证" classname="dish.spec.ts">
<skipped>
</skipped>
</testcase>
<testcase name="菜品管理 › TC-DISH-003: 搜索菜品验证 API" classname="dish.spec.ts">
<skipped>
</skipped>
</testcase>
<testcase name="菜品管理 › TC-DISH-004: 点击新建菜品按钮验证弹窗" classname="dish.spec.ts">
<skipped>
</skipped>
</testcase>
</testsuite>
<testsuite name="e2e.spec.ts" timestamp="2026-07-16T08:22:47.868Z" hostname="admin-backend" tests="2" failures="0" skipped="2" time="0" errors="0">
<testcase name="端到端综合流程 › TC-E2E-001: 管理员完整业务流程" classname="e2e.spec.ts">
<skipped>
</skipped>
</testcase>
<testcase name="端到端综合流程 › TC-E2E-002: API 全链路请求验证" classname="e2e.spec.ts">
<skipped>
</skipped>
</testcase>
</testsuite>
<testsuite name="employee.spec.ts" timestamp="2026-07-16T08:22:47.868Z" hostname="admin-backend" tests="4" failures="0" skipped="4" time="0" errors="0">
<testcase name="员工管理 › TC-EMP-001: 新增员工并验证 API 响应与 DOM 变化" classname="employee.spec.ts">
<skipped>
</skipped>
</testcase>
<testcase name="员工管理 › TC-EMP-002: 搜索员工并验证" classname="employee.spec.ts">
<skipped>
</skipped>
</testcase>
<testcase name="员工管理 › TC-EMP-003: 新增员工弹窗结构验证" classname="employee.spec.ts">
<skipped>
</skipped>
</testcase>
<testcase name="员工管理 › TC-EMP-004: 搜索验证 API 请求参数" classname="employee.spec.ts">
<skipped>
</skipped>
</testcase>
</testsuite>
<testsuite name="front.spec.ts" timestamp="2026-07-16T08:22:47.868Z" hostname="admin-backend" tests="5" failures="0" skipped="5" time="0" errors="0">
<testcase name="用户端 - 首页与菜品浏览 › TC-FRONT-001: 首页加载并显示分类与推荐菜品" classname="front.spec.ts">
<skipped>
</skipped>
</testcase>
<testcase name="用户端 - 首页与菜品浏览 › TC-FRONT-002: 首页菜品列表 API 请求验证" classname="front.spec.ts">
<skipped>
</skipped>
</testcase>
<testcase name="用户端 - 首页与菜品浏览 › TC-FRONT-003: 点击分类筛选菜品" classname="front.spec.ts">
<skipped>
</skipped>
</testcase>
<testcase name="用户端 - 首页与菜品浏览 › TC-FRONT-004: 点击菜品查看详情" classname="front.spec.ts">
<skipped>
</skipped>
</testcase>
<testcase name="用户端 - 首页与菜品浏览 › TC-FRONT-005: 用户端页面关键元素检查" classname="front.spec.ts">
<skipped>
</skipped>
</testcase>
</testsuite>
<testsuite name="login.spec.ts" timestamp="2026-07-16T08:22:47.868Z" hostname="admin-backend" tests="5" failures="0" skipped="5" time="0" errors="0">
<testcase name="登录功能 › TC-LOGIN-001: 管理员正确登录并跳转后台首页" classname="login.spec.ts">
<skipped>
</skipped>
</testcase>
<testcase name="登录功能 › TC-LOGIN-002: 错误密码登录失败" classname="login.spec.ts">
<skipped>
</skipped>
</testcase>
<testcase name="登录功能 › TC-LOGIN-003: 空用户名登录" classname="login.spec.ts">
<skipped>
</skipped>
</testcase>
<testcase name="登录功能 › TC-LOGIN-004: 验证登录 API 请求参数" classname="login.spec.ts">
<skipped>
</skipped>
</testcase>
<testcase name="登录功能 › TC-LOGIN-005: 登录后验证用户信息显示" classname="login.spec.ts">
<skipped>
</skipped>
</testcase>
</testsuite>
<testsuite name="order.spec.ts" timestamp="2026-07-16T08:22:47.868Z" hostname="admin-backend" tests="4" failures="0" skipped="4" time="0" errors="0">
<testcase name="订单管理 › TC-ORDER-001: 订单列表加载验证" classname="order.spec.ts">
<skipped>
</skipped>
</testcase>
<testcase name="订单管理 › TC-ORDER-002: 页面 UI 结构验证" classname="order.spec.ts">
<skipped>
</skipped>
</testcase>
<testcase name="订单管理 › TC-ORDER-003: 筛选订单验证 API" classname="order.spec.ts">
<skipped>
</skipped>
</testcase>
<testcase name="订单管理 › TC-ORDER-004: 重置筛选条件" classname="order.spec.ts">
<skipped>
</skipped>
</testcase>
</testsuite>
</testsuites>