<?xml version="1.0" encoding="UTF-8"?>
<testsuite xmlns:xsi="http://www.w3.org/2001/XMLSchema-instance" xsi:noNamespaceSchemaLocation="https://maven.apache.org/surefire/maven-surefire-plugin/xsd/surefire-test-report.xsd" name="com.reggie.controller.DishControllerTest" time="5.841" tests="2" errors="0" skipped="0" failures="0">
  <properties>
[...]
</properties>
  <testcase name="testUpdateStatusBatch" classname="com.reggie.controller.DishControllerTest" time="1.591"/>
  <testcase name="testUpdateStatus" classname="com.reggie.controller.DishControllerTest" time="1.088"/>
</testsuite>